# JRE version: Java(TM) SE Runtime Environment (17.0.9+11) (build 17.0.9+11-LTS-201)
# Java VM: Java HotSpot(TM) 64-Bit Server VM (17.0.9+11-LTS-201, mixed mode, emulated-client, sharing, tiered, compressed oops, compressed class ptrs, g1 gc, windows-amd64)
GC Precious Log:
 CPUs: 16 total, 16 available
 Memory: 15789M
 Large Page Support: Disabled
 NUMA Support: Disabled
 Compressed Oops: Enabled (Zero based)
 Heap Region Size: 2M
 Heap Min Capacity: 8M
 Heap Initial Capacity: 248M
 Heap Max Capacity: 3948M
 Pre-touch: Disabled
 Parallel Workers: 13
 Concurrent Workers: 3
 Concurrent Refinement Workers: 13
 Periodic GC: Disabled
Heap:
 garbage-first heap   total 81920K, used 36243K [0x0000000709400000, 0x0000000800000000)
  region size 2048K, 8 young (16384K), 3 survivors (6144K)
 Metaspace       used 63201K, committed 63808K, reserved 1114112K
  class space    used 9035K, committed 9280K, reserved 1048576K
GC Heap History (20 events):
Event: 0.960 GC heap before
{Heap before GC invocations=1 (full 0):
 garbage-first heap   total 253952K, used 31584K [0x0000000709400000, 0x0000000800000000)
  region size 2048K, 14 young (28672K), 2 survivors (4096K)
 Metaspace       used 12493K, committed 12736K, reserved 1114112K
  class space    used 1657K, committed 1792K, reserved 1048576K
}
Event: 0.964 GC heap after
{Heap after GC invocations=2 (full 0):
 garbage-first heap   total 253952K, used 9276K [0x0000000709400000, 0x0000000800000000)
  region size 2048K, 1 young (2048K), 1 survivors (2048K)
 Metaspace       used 12493K, committed 12736K, reserved 1114112K
  class space    used 1657K, committed 1792K, reserved 1048576K
}
Event: 1.454 GC heap before
{Heap before GC invocations=2 (full 0):
 garbage-first heap   total 253952K, used 66620K [0x0000000709400000, 0x0000000800000000)
  region size 2048K, 30 young (61440K), 1 survivors (2048K)
 Metaspace       used 21221K, committed 21504K, reserved 1114112K
  class space    used 2867K, committed 3008K, reserved 1048576K
}
Event: 1.459 GC heap after
{Heap after GC invocations=3 (full 0):
 garbage-first heap   total 253952K, used 13845K [0x0000000709400000, 0x0000000800000000)
  region size 2048K, 4 young (8192K), 4 survivors (8192K)
 Metaspace       used 21221K, committed 21504K, reserved 1114112K
  class space    used 2867K, committed 3008K, reserved 1048576K
}
Event: 1.790 GC heap before
{Heap before GC invocations=4 (full 0):
 garbage-first heap   total 61440K, used 42517K [0x0000000709400000, 0x0000000800000000)
  region size 2048K, 18 young (36864K), 4 survivors (8192K)
 Metaspace       used 24741K, committed 25152K, reserved 1114112K
  class space    used 3428K, committed 3648K, reserved 1048576K
}
Event: 1.797 GC heap after
{Heap after GC invocations=5 (full 0):
 garbage-first heap   total 61440K, used 16139K [0x0000000709400000, 0x0000000800000000)
  region size 2048K, 2 young (4096K), 2 survivors (4096K)
 Metaspace       used 24741K, committed 25152K, reserved 1114112K
  class space    used 3428K, committed 3648K, reserved 1048576K
}
Event: 2.053 GC heap before
{Heap before GC invocations=5 (full 0):
 garbage-first heap   total 61440K, used 36619K [0x0000000709400000, 0x0000000800000000)
  region size 2048K, 13 young (26624K), 2 survivors (4096K)
 Metaspace       used 28231K, committed 28672K, reserved 1114112K
  class space    used 3910K, committed 4096K, reserved 1048576K
}
Event: 2.056 GC heap after
{Heap after GC invocations=6 (full 0):
 garbage-first heap   total 61440K, used 18125K [0x0000000709400000, 0x0000000800000000)
  region size 2048K, 1 young (2048K), 1 survivors (2048K)
 Metaspace       used 28231K, committed 28672K, reserved 1114112K
  class space    used 3910K, committed 4096K, reserved 1048576K
}
Event: 2.314 GC heap before
{Heap before GC invocations=6 (full 0):
 garbage-first heap   total 61440K, used 40653K [0x0000000709400000, 0x0000000800000000)
  region size 2048K, 12 young (24576K), 1 survivors (2048K)
 Metaspace       used 33228K, committed 33728K, reserved 1114112K
  class space    used 4657K, committed 4928K, reserved 1048576K
}
Event: 2.317 GC heap after
{Heap after GC invocations=7 (full 0):
 garbage-first heap   total 157696K, used 19076K [0x0000000709400000, 0x0000000800000000)
  region size 2048K, 2 young (4096K), 2 survivors (4096K)
 Metaspace       used 33228K, committed 33728K, reserved 1114112K
  class space    used 4657K, committed 4928K, reserved 1048576K
}
Event: 2.444 GC heap before
{Heap before GC invocations=7 (full 0):
 garbage-first heap   total 157696K, used 27268K [0x0000000709400000, 0x0000000800000000)
  region size 2048K, 7 young (14336K), 2 survivors (4096K)
 Metaspace       used 35514K, committed 35968K, reserved 1114112K
  class space    used 5056K, committed 5312K, reserved 1048576K
}
Event: 2.446 GC heap after
{Heap after GC invocations=8 (full 0):
 garbage-first heap   total 157696K, used 19661K [0x0000000709400000, 0x0000000800000000)
  region size 2048K, 2 young (4096K), 2 survivors (4096K)
 Metaspace       used 35514K, committed 35968K, reserved 1114112K
  class space    used 5056K, committed 5312K, reserved 1048576K
}
Event: 3.076 GC heap before
{Heap before GC invocations=9 (full 0):
 garbage-first heap   total 81920K, used 64717K [0x0000000709400000, 0x0000000800000000)
  region size 2048K, 24 young (49152K), 2 survivors (4096K)
 Metaspace       used 50152K, committed 50688K, reserved 1114112K
  class space    used 7008K, committed 7296K, reserved 1048576K
}
Event: 3.081 GC heap after
{Heap after GC invocations=10 (full 0):
 garbage-first heap   total 81920K, used 23312K [0x0000000709400000, 0x0000000800000000)
  region size 2048K, 3 young (6144K), 3 survivors (6144K)
 Metaspace       used 50152K, committed 50688K, reserved 1114112K
  class space    used 7008K, committed 7296K, reserved 1048576K
}
Event: 3.547 GC heap before
{Heap before GC invocations=10 (full 0):
 garbage-first heap   total 81920K, used 60176K [0x0000000709400000, 0x0000000800000000)
  region size 2048K, 21 young (43008K), 3 survivors (6144K)
 Metaspace       used 56078K, committed 56640K, reserved 1114112K
  class space    used 7973K, committed 8256K, reserved 1048576K
}
Event: 3.551 GC heap after
{Heap after GC invocations=11 (full 0):
 garbage-first heap   total 81920K, used 25297K [0x0000000709400000, 0x0000000800000000)
  region size 2048K, 2 young (4096K), 2 survivors (4096K)
 Metaspace       used 56078K, committed 56640K, reserved 1114112K
  class space    used 7973K, committed 8256K, reserved 1048576K
}
Event: 3.787 GC heap before
{Heap before GC invocations=11 (full 0):
 garbage-first heap   total 81920K, used 43729K [0x0000000709400000, 0x0000000800000000)
  region size 2048K, 12 young (24576K), 2 survivors (4096K)
 Metaspace       used 59609K, committed 60160K, reserved 1114112K
  class space    used 8484K, committed 8768K, reserved 1048576K
}
Event: 3.790 GC heap after
{Heap after GC invocations=12 (full 0):
 garbage-first heap   total 81920K, used 26753K [0x0000000709400000, 0x0000000800000000)
  region size 2048K, 2 young (4096K), 2 survivors (4096K)
 Metaspace       used 59609K, committed 60160K, reserved 1114112K
  class space    used 8484K, committed 8768K, reserved 1048576K
}
Event: 4.110 GC heap before
{Heap before GC invocations=13 (full 0):
 garbage-first heap   total 81920K, used 59521K [0x0000000709400000, 0x0000000800000000)
  region size 2048K, 18 young (36864K), 2 survivors (4096K)
 Metaspace       used 61900K, committed 62464K, reserved 1114112K
  class space    used 8864K, committed 9152K, reserved 1048576K
}
Event: 4.114 GC heap after
{Heap after GC invocations=14 (full 0):
 garbage-first heap   total 81920K, used 30099K [0x0000000709400000, 0x0000000800000000)
  region size 2048K, 3 young (6144K), 3 survivors (6144K)
 Metaspace       used 61900K, committed 62464K, reserved 1114112K
  class space    used 8864K, committed 9152K, reserved 1048576K
}

